<?xml version="1.0" encoding="UTF-8"?>
<!-- Generated by org.testng.reporters.JUnitReportReporter -->
<testsuite hostname="LTIN215041" failures="0" tests="3" name="testCases.CabPageTestClass" time="46.143" errors="0" timestamp="2023-06-29T14:35:35 IST" skipped="0">
  <testcase classname="testCases.CabPageTestClass" name="test_redirect_to_cabs" time="7.995"/>
  <system-out/>
  <testcase classname="testCases.CabPageTestClass" name="test_cab_data_fill" time="28.390"/>
  <system-out/>
  <testcase classname="testCases.CabPageTestClass" name="test_car_type_suv" time="9.758"/>
  <system-out/>
</testsuite> <!-- testCases.CabPageTestClass -->
