<?xml version="1.0" encoding="UTF-8"?>
<!-- Generated by org.testng.reporters.JUnitReportReporter -->
<testsuite hostname="LTIN215041" failures="0" tests="3" name="testCases.TC_001_CabPageTestClass" time="33.685" errors="0" timestamp="2023-07-03T10:46:20 IST" skipped="0">
  <testcase classname="testCases.TC_001_CabPageTestClass" name="test_redirect_to_cabs" time="6.795"/>
  <system-out/>
  <testcase classname="testCases.TC_001_CabPageTestClass" name="test_cab_data_fill" time="20.342"/>
  <system-out/>
  <testcase classname="testCases.TC_001_CabPageTestClass" name="test_car_type_suv" time="6.548"/>
  <system-out/>
</testsuite> <!-- testCases.TC_001_CabPageTestClass -->
