<?xml version="1.0" encoding="UTF-8"?>
<!-- Generated by org.testng.reporters.JUnitReportReporter -->
<testsuite hostname="LTIN215041" failures="0" tests="4" name="testCases.TC_002_GiftCardTestClass" time="17.625" errors="0" timestamp="2023-07-17T14:38:48 IST" skipped="0">
  <testcase classname="testCases.TC_002_GiftCardTestClass" name="test_gift_card_page" time="8.108"/>
  <system-out/>
  <testcase classname="testCases.TC_002_GiftCardTestClass" name="test_remove_category" time="0.339"/>
  <system-out/>
  <testcase classname="testCases.TC_002_GiftCardTestClass" name="test_select_gift_card" time="4.134"/>
  <system-out/>
  <testcase classname="testCases.TC_002_GiftCardTestClass" name="test_invalid_email" time="5.044"/>
  <system-out/>
</testsuite> <!-- testCases.TC_002_GiftCardTestClass -->
