<?xml version="1.0" encoding="UTF-8"?>
<!-- Generated by org.testng.reporters.JUnitReportReporter -->
<testsuite hostname="LTIN215041" failures="0" tests="3" name="testCases.TC_001_CabPageTestClass" time="37.294" errors="0" timestamp="2023-07-13T10:24:46 IST" skipped="0">
  <testcase classname="testCases.TC_001_CabPageTestClass" name="test_redirect_to_cabs" time="7.221"/>
  <system-out/>
  <testcase classname="testCases.TC_001_CabPageTestClass" name="test_cab_data_fill" time="21.612"/>
  <system-out/>
  <testcase classname="testCases.TC_001_CabPageTestClass" name="test_car_type_suv" time="8.461"/>
  <system-out/>
</testsuite> <!-- testCases.TC_001_CabPageTestClass -->
