<?xml version="1.0" encoding="UTF-8"?>
<!-- Generated by org.testng.reporters.JUnitReportReporter -->
<testsuite hostname="LTIN215041" failures="0" tests="3" name="testCases.TC_001_CabPageTestClass" time="24.976" errors="0" timestamp="2023-07-24T14:20:50 IST" skipped="0">
  <testcase classname="testCases.TC_001_CabPageTestClass" name="test_redirect_to_cabs" time="3.752"/>
  <system-out/>
  <testcase classname="testCases.TC_001_CabPageTestClass" name="test_cab_data_fill" time="15.199"/>
  <system-out/>
  <testcase classname="testCases.TC_001_CabPageTestClass" name="test_car_type_suv" time="6.025"/>
  <system-out/>
</testsuite> <!-- testCases.TC_001_CabPageTestClass -->
