<?xml version="1.0" encoding="UTF-8"?>
<!-- Generated by org.testng.reporters.JUnitReportReporter -->
<testsuite hostname="LTIN215041" failures="0" tests="1" name="testCases.HotelPageTestClass" time="13.655" errors="0" timestamp="2023-06-29T14:35:35 IST" skipped="0">
  <testcase classname="testCases.HotelPageTestClass" name="test_hotel_page_functionality" time="13.655"/>
  <system-out/>
</testsuite> <!-- testCases.HotelPageTestClass -->
