<?xml version="1.0" encoding="UTF-8"?>
<!-- Generated by org.testng.reporters.JUnitReportReporter -->
<testsuite hostname="LTIN215041" failures="0" tests="3" name="testCases.TC_001_CabPageTestClass" time="29.103" errors="0" timestamp="2023-07-17T14:38:48 IST" skipped="0">
  <testcase classname="testCases.TC_001_CabPageTestClass" name="test_redirect_to_cabs" time="6.644"/>
  <system-out/>
  <testcase classname="testCases.TC_001_CabPageTestClass" name="test_cab_data_fill" time="14.514"/>
  <system-out/>
  <testcase classname="testCases.TC_001_CabPageTestClass" name="test_car_type_suv" time="7.945"/>
  <system-out/>
</testsuite> <!-- testCases.TC_001_CabPageTestClass -->
