<?xml version="1.0" encoding="UTF-8"?>
<!-- Generated by org.testng.reporters.JUnitReportReporter -->
<testsuite hostname="LTIN215041" failures="0" tests="4" name="testCases.TC_002_GiftCardTestClass" time="14.023" errors="0" timestamp="2023-07-24T14:20:50 IST" skipped="0">
  <testcase classname="testCases.TC_002_GiftCardTestClass" name="test_gift_card_page" time="3.487"/>
  <system-out/>
  <testcase classname="testCases.TC_002_GiftCardTestClass" name="test_remove_category" time="0.334"/>
  <system-out/>
  <testcase classname="testCases.TC_002_GiftCardTestClass" name="test_select_gift_card" time="4.860"/>
  <system-out/>
  <testcase classname="testCases.TC_002_GiftCardTestClass" name="test_invalid_email" time="5.342"/>
  <system-out/>
</testsuite> <!-- testCases.TC_002_GiftCardTestClass -->
