<?xml version="1.0" encoding="UTF-8"?>
<!-- Generated by org.testng.reporters.JUnitReportReporter -->
<testsuite hostname="LTIN215041" failures="0" tests="3" name="testCases.TC_001_CabPageTestClass" time="48.624" errors="0" timestamp="2023-07-13T13:29:07 IST" skipped="0">
  <testcase classname="testCases.TC_001_CabPageTestClass" name="test_redirect_to_cabs" time="7.676"/>
  <testcase classname="testCases.TC_001_CabPageTestClass" name="test_cab_data_fill" time="33.163"/>
  <testcase classname="testCases.TC_001_CabPageTestClass" name="test_car_type_suv" time="7.785"/>
</testsuite> <!-- testCases.TC_001_CabPageTestClass -->
