<?xml version="1.0" encoding="UTF-8"?>
<!-- Generated by org.testng.reporters.JUnitReportReporter -->
<testsuite hostname="LTIN215041" failures="0" tests="4" name="testCases.TC_002_GiftCardTestClass" time="14.720" errors="0" timestamp="2023-07-24T09:26:01 IST" skipped="0">
  <testcase classname="testCases.TC_002_GiftCardTestClass" name="test_gift_card_page" time="3.024"/>
  <testcase classname="testCases.TC_002_GiftCardTestClass" name="test_remove_category" time="0.481"/>
  <testcase classname="testCases.TC_002_GiftCardTestClass" name="test_select_gift_card" time="5.081"/>
  <testcase classname="testCases.TC_002_GiftCardTestClass" name="test_invalid_email" time="6.134"/>
</testsuite> <!-- testCases.TC_002_GiftCardTestClass -->
