<?xml version="1.0" encoding="UTF-8"?>
<!-- Generated by org.testng.reporters.JUnitReportReporter -->
<testsuite hostname="LTIN215041" failures="0" tests="3" name="testCases.TC_001_CabPageTestClass" time="29.523" errors="0" timestamp="2023-07-24T09:26:00 IST" skipped="0">
  <testcase classname="testCases.TC_001_CabPageTestClass" name="test_redirect_to_cabs" time="4.024"/>
  <testcase classname="testCases.TC_001_CabPageTestClass" name="test_cab_data_fill" time="21.669"/>
  <testcase classname="testCases.TC_001_CabPageTestClass" name="test_car_type_suv" time="3.830"/>
</testsuite> <!-- testCases.TC_001_CabPageTestClass -->
