<?xml version="1.0" encoding="UTF-8"?>
<!-- Generated by org.testng.reporters.JUnitReportReporter -->
<testsuite hostname="LTIN215041" failures="0" tests="3" name="testCases.TC_001_CabPageTestClass" time="37.021" errors="0" timestamp="2023-07-13T12:12:54 IST" skipped="0">
  <testcase classname="testCases.TC_001_CabPageTestClass" name="test_redirect_to_cabs" time="7.276"/>
  <testcase classname="testCases.TC_001_CabPageTestClass" name="test_cab_data_fill" time="22.894"/>
  <testcase classname="testCases.TC_001_CabPageTestClass" name="test_car_type_suv" time="6.851"/>
</testsuite> <!-- testCases.TC_001_CabPageTestClass -->
