<?xml version="1.0" encoding="UTF-8"?>
<!-- Generated by org.testng.reporters.JUnitReportReporter -->
<testsuite hostname="LTIN215041" failures="0" tests="4" name="testCases.TC_002_GiftCardTestClass" time="18.150" errors="0" timestamp="2023-07-13T12:12:54 IST" skipped="0">
  <testcase classname="testCases.TC_002_GiftCardTestClass" name="test_gift_card_page" time="6.832"/>
  <testcase classname="testCases.TC_002_GiftCardTestClass" name="test_remove_category" time="0.423"/>
  <testcase classname="testCases.TC_002_GiftCardTestClass" name="test_select_gift_card" time="5.227"/>
  <testcase classname="testCases.TC_002_GiftCardTestClass" name="test_invalid_email" time="5.668"/>
</testsuite> <!-- testCases.TC_002_GiftCardTestClass -->
