<?xml version="1.0" encoding="UTF-8"?>
<!-- Generated by org.testng.reporters.JUnitReportReporter -->
<testsuite hostname="LTIN215041" failures="0" tests="3" name="testCases.TC_001_CabPageTestClass" time="37.490" errors="0" timestamp="2023-07-13T10:34:41 IST" skipped="0">
  <testcase classname="testCases.TC_001_CabPageTestClass" name="test_redirect_to_cabs" time="7.138"/>
  <testcase classname="testCases.TC_001_CabPageTestClass" name="test_cab_data_fill" time="22.464"/>
  <testcase classname="testCases.TC_001_CabPageTestClass" name="test_car_type_suv" time="7.888"/>
</testsuite> <!-- testCases.TC_001_CabPageTestClass -->
