<?xml version="1.0" encoding="UTF-8"?>
<!-- Generated by org.testng.reporters.JUnitReportReporter -->
<testsuite hostname="LTIN215041" failures="0" tests="1" name="testCases.TC_003_HotelPageTestClass" time="11.106" errors="0" timestamp="2023-07-13T13:29:07 IST" skipped="0">
  <testcase classname="testCases.TC_003_HotelPageTestClass" name="test_hotel_page_functionality" time="11.106"/>
</testsuite> <!-- testCases.TC_003_HotelPageTestClass -->
